DEBUG-CoInitializeEx(None, 2)
INFO-Imported existing <module 'comtypes.gen' from 'C:\\Users\\Richard\\AppData\\Local\\Programs\\Python\\Python310\\lib\\site-packages\\comtypes\\gen\\__init__.py'>
INFO-Using writeable comtypes cache directory: 'C:\Users\Richard\AppData\Local\Programs\Python\Python310\lib\site-packages\comtypes\gen'
DEBUG-SAPI.SPVoice -> {96749377-3391-11D2-9EE3-00C04F797396}
DEBUG-CoCreateInstance({96749377-3391-11D2-9EE3-00C04F797396}, clsctx=None, interface=None)
DEBUG-GetBestInterface(<POINTER(IUnknown) ptr=0x1a5100d0b90 at 1a50fcd6340>)
DEBUG-Does implement IProvideClassInfo
DEBUG-Default interface is {269316D8-57BD-11D2-9EEE-00C04F797396}
DEBUG-Release <POINTER(IUnknown) ptr=0x1a5100d0bd0 at 1a50fcd68c0>
DEBUG-GetModule(TLIBATTR(GUID={C866CA3A-32F7-11D2-9602-00C04F8EE628}, Version=5.4, LCID=0, FLags=0x8))
DEBUG-Implements default interface from typeinfo <class 'comtypes.gen._C866CA3A_32F7_11D2_9602_00C04F8EE628_0_5_4.ISpeechVoice'>
DEBUG-Final result is <POINTER(ISpeechVoice) ptr=0x1a5100d0bd0 at 1a50fcd6840>
DEBUG-Release <POINTER(IProvideClassInfo) ptr=0x1a5100d0bf0 at 1a50fcd6540>
DEBUG-Release <POINTER(ITypeInfo) ptr=0x1a57f1d0f88 at 1a50fcd65c0>
DEBUG-Release <POINTER(ITypeInfo) ptr=0x1a57f1d0fe0 at 1a50fcd66c0>
DEBUG-Release <POINTER(ITypeLib) ptr=0x1a57f2ade00 at 1a50fcd68c0>
DEBUG-Release <POINTER(IUnknown) ptr=0x1a5100d0b90 at 1a50fcd6340>
DEBUG-<POINTER(ISpeechVoice) ptr=0x1a5100d0bd0 at 1a50fcd6840> using sinkinterface from clsid <class 'comtypes.gen._C866CA3A_32F7_11D2_9602_00C04F8EE628_0_5_4._ISpeechVoiceEvents'>
DEBUG-Release <POINTER(IProvideClassInfo2) ptr=0x1a5100d0bf0 at 1a50fcd6340>
DEBUG-<comtypes.client._events.CreateEventReceiver.<locals>.Sink object at 0x000001A50FDDC1C0>: _ISpeechVoiceEvents.VoiceChange not implemented
DEBUG-<comtypes.client._events.CreateEventReceiver.<locals>.Sink object at 0x000001A50FDDC1C0>: _ISpeechVoiceEvents.Bookmark not implemented
DEBUG-<comtypes.client._events.CreateEventReceiver.<locals>.Sink object at 0x000001A50FDDC1C0>: _ISpeechVoiceEvents.Word not implemented
DEBUG-<comtypes.client._events.CreateEventReceiver.<locals>.Sink object at 0x000001A50FDDC1C0>: _ISpeechVoiceEvents.Sentence not implemented
DEBUG-<comtypes.client._events.CreateEventReceiver.<locals>.Sink object at 0x000001A50FDDC1C0>: _ISpeechVoiceEvents.Phoneme not implemented
DEBUG-<comtypes.client._events.CreateEventReceiver.<locals>.Sink object at 0x000001A50FDDC1C0>: _ISpeechVoiceEvents.Viseme not implemented
DEBUG-<comtypes.client._events.CreateEventReceiver.<locals>.Sink object at 0x000001A50FDDC1C0>: _ISpeechVoiceEvents.AudioLevel not implemented
DEBUG-<comtypes.client._events.CreateEventReceiver.<locals>.Sink object at 0x000001A50FDDC1C0>: _ISpeechVoiceEvents.EnginePrivate not implemented
DEBUG-Start advise <class 'comtypes.gen._C866CA3A_32F7_11D2_9602_00C04F8EE628_0_5_4._ISpeechVoiceEvents'>
DEBUG-<comtypes.client._events.CreateEventReceiver.<locals>.Sink object at 0x000001A50FDDC1C0>.QueryInterface({A372ACD1-3BEF-4BBD-8FFB-CB3E2B416AF8}) -> S_OK
DEBUG-1 active COM objects: Added   <comtypes.client._events.CreateEventReceiver.<locals>.Sink object at 0x000001A50FDDC1C0>
DEBUG-<comtypes.client._events.CreateEventReceiver.<locals>.Sink object at 0x000001A50FDDC1C0>.AddRef() -> 1
DEBUG-Release <POINTER(IConnectionPointContainer) ptr=0x1a5100d0bf8 at 1a50fcd6a40>
DEBUG-wrap_outparam(<POINTER(ISpeechObjectToken) ptr=0x1a5100d69f0 at 1a50fcd6a40>)
DEBUG-Release <POINTER(ISpeechObjectToken) ptr=0x1a5100d69f0 at 1a50fcd6a40>
DEBUG-wrap_outparam(<POINTER(ISpeechObjectTokens) ptr=0x1a5100d7710 at 1a50fcd6a40>)
DEBUG-Release <POINTER(IUnknown) ptr=0x1a5100d9330 at 1a50fcd6c40>
DEBUG-wrap_outparam(<POINTER(IDispatch) ptr=0x1a5100d9410 at 1a50fcd6d40>)
DEBUG-GetBestInterface(<POINTER(IDispatch) ptr=0x1a5100d9410 at 1a50fcd6d40>)
DEBUG-Does NOT implement IProvideClassInfo, trying IProvideClassInfo2
DEBUG-Does NOT implement IProvideClassInfo/IProvideClassInfo2
DEBUG-Release <POINTER(IUnknown) ptr=0x1a57f1d1090 at 1a50fcd6f40>
DEBUG-Default interface is {C74A3ADC-B727-4500-A84A-B526721C8B8C}
DEBUG-Release <POINTER(IUnknown) ptr=0x1a5100d9410 at 1a50fcd7040>
DEBUG-GetModule(TLIBATTR(GUID={C866CA3A-32F7-11D2-9602-00C04F8EE628}, Version=5.4, LCID=0, FLags=0x8))
DEBUG-Implements default interface from typeinfo <class 'comtypes.gen._C866CA3A_32F7_11D2_9602_00C04F8EE628_0_5_4.ISpeechObjectToken'>
DEBUG-Final result is <POINTER(ISpeechObjectToken) ptr=0x1a5100d9410 at 1a50fcd6f40>
DEBUG-Release <POINTER(IDispatch) ptr=0x1a5100d9410 at 1a50fcd6ec0>
DEBUG-Release <POINTER(ITypeInfo) ptr=0x1a57f1d1090 at 1a50fcd6fc0>
DEBUG-Release <POINTER(ITypeLib) ptr=0x1a57f2ade00 at 1a50fcd7040>
DEBUG-Release <POINTER(IDispatch) ptr=0x1a5100d9410 at 1a50fcd6d40>
DEBUG-Release <POINTER(IEnumVARIANT) ptr=0x1a5100d9330 at 1a50fcd6bc0>
DEBUG-Release <POINTER(ISpeechObjectTokens) ptr=0x1a5100d7710 at 1a50fcd6a40>
DEBUG-Release <POINTER(ISpeechObjectToken) ptr=0x1a5100d9410 at 1a50fcd6f40>
DEBUG-wrap_outparam(<POINTER(ISpeechObjectToken) ptr=0x1a5100d69f0 at 1a50fcd7440>)
DEBUG-Release <POINTER(ISpeechObjectToken) ptr=0x1a5100d69f0 at 1a50fcd7440>
DEBUG-wrap_outparam(<POINTER(ISpeechObjectTokens) ptr=0x1a5100d7780 at 1a50fcd7440>)
DEBUG-Release <POINTER(IUnknown) ptr=0x1a5100d7630 at 1a50fcd7940>
DEBUG-wrap_outparam(<POINTER(IDispatch) ptr=0x1a5100d9ae0 at 1a50fcd7ac0>)
DEBUG-GetBestInterface(<POINTER(IDispatch) ptr=0x1a5100d9ae0 at 1a50fcd7ac0>)
DEBUG-Does NOT implement IProvideClassInfo, trying IProvideClassInfo2
DEBUG-Does NOT implement IProvideClassInfo/IProvideClassInfo2
DEBUG-Release <POINTER(IUnknown) ptr=0x1a57f1d1090 at 1a50fe281c0>
DEBUG-Default interface is {C74A3ADC-B727-4500-A84A-B526721C8B8C}
DEBUG-Release <POINTER(IUnknown) ptr=0x1a5100d9ae0 at 1a50fe282c0>
DEBUG-GetModule(TLIBATTR(GUID={C866CA3A-32F7-11D2-9602-00C04F8EE628}, Version=5.4, LCID=0, FLags=0x8))
DEBUG-Implements default interface from typeinfo <class 'comtypes.gen._C866CA3A_32F7_11D2_9602_00C04F8EE628_0_5_4.ISpeechObjectToken'>
DEBUG-Final result is <POINTER(ISpeechObjectToken) ptr=0x1a5100d9ae0 at 1a50fe281c0>
DEBUG-Release <POINTER(IDispatch) ptr=0x1a5100d9ae0 at 1a50fe280c0>
DEBUG-Release <POINTER(ITypeInfo) ptr=0x1a57f1d1090 at 1a50fe28240>
DEBUG-Release <POINTER(ITypeLib) ptr=0x1a57f2ade00 at 1a50fe282c0>
DEBUG-Release <POINTER(IDispatch) ptr=0x1a5100d9ae0 at 1a50fcd7ac0>
DEBUG-wrap_outparam(<POINTER(IDispatch) ptr=0x1a5100da350 at 1a50fcd7ac0>)
DEBUG-GetBestInterface(<POINTER(IDispatch) ptr=0x1a5100da350 at 1a50fcd7ac0>)
DEBUG-Does NOT implement IProvideClassInfo, trying IProvideClassInfo2
DEBUG-Does NOT implement IProvideClassInfo/IProvideClassInfo2
DEBUG-Release <POINTER(IUnknown) ptr=0x1a57f1d1090 at 1a50fe28240>
DEBUG-Default interface is {C74A3ADC-B727-4500-A84A-B526721C8B8C}
DEBUG-Release <POINTER(IUnknown) ptr=0x1a5100da350 at 1a50fe28340>
DEBUG-GetModule(TLIBATTR(GUID={C866CA3A-32F7-11D2-9602-00C04F8EE628}, Version=5.4, LCID=0, FLags=0x8))
DEBUG-Implements default interface from typeinfo <class 'comtypes.gen._C866CA3A_32F7_11D2_9602_00C04F8EE628_0_5_4.ISpeechObjectToken'>
DEBUG-Final result is <POINTER(ISpeechObjectToken) ptr=0x1a5100da350 at 1a50fe28240>
DEBUG-Release <POINTER(IDispatch) ptr=0x1a5100da350 at 1a50fe282c0>
DEBUG-Release <POINTER(ITypeInfo) ptr=0x1a57f1d1090 at 1a50fe280c0>
DEBUG-Release <POINTER(ITypeLib) ptr=0x1a57f2ade00 at 1a50fe28340>
DEBUG-Release <POINTER(IDispatch) ptr=0x1a5100da350 at 1a50fcd7ac0>
DEBUG-Release <POINTER(ISpeechObjectToken) ptr=0x1a5100d9ae0 at 1a50fe281c0>
DEBUG-Release <POINTER(IEnumVARIANT) ptr=0x1a5100d7630 at 1a50fcd79c0>
DEBUG-Release <POINTER(ISpeechObjectTokens) ptr=0x1a5100d7780 at 1a50fcd7440>
DEBUG-Release <POINTER(ISpeechObjectToken) ptr=0x1a5100da350 at 1a50fe28240>
DEBUG-<comtypes.client._events.CreateEventReceiver.<locals>.Sink object at 0x000001A50FDDC1C0>.AddRef() -> 2
DEBUG-<comtypes.client._events.CreateEventReceiver.<locals>.Sink object at 0x000001A50FDDC1C0>.Release() -> 1
DEBUG-<comtypes.client._events.CreateEventReceiver.<locals>.Sink object at 0x000001A50FDDC1C0>.AddRef() -> 2
DEBUG-wrap_outparam(<POINTER(IDispatch) ptr=0x1a5100d6850 at 1a50fe28340>)
DEBUG-GetBestInterface(<POINTER(IDispatch) ptr=0x1a5100d6850 at 1a50fe28340>)
DEBUG-Does NOT implement IProvideClassInfo, trying IProvideClassInfo2
DEBUG-Does NOT implement IProvideClassInfo/IProvideClassInfo2
DEBUG-Release <POINTER(IUnknown) ptr=0x1a57f1d1090 at 1a50fe28440>
DEBUG-Default interface is {C74A3ADC-B727-4500-A84A-B526721C8B8C}
DEBUG-Release <POINTER(IUnknown) ptr=0x1a5100d6850 at 1a50fe28540>
DEBUG-GetModule(TLIBATTR(GUID={C866CA3A-32F7-11D2-9602-00C04F8EE628}, Version=5.4, LCID=0, FLags=0x8))
DEBUG-Implements default interface from typeinfo <class 'comtypes.gen._C866CA3A_32F7_11D2_9602_00C04F8EE628_0_5_4.ISpeechObjectToken'>
DEBUG-Final result is <POINTER(ISpeechObjectToken) ptr=0x1a5100d6850 at 1a50fe28440>
DEBUG-Release <POINTER(IDispatch) ptr=0x1a5100d6850 at 1a50fe283c0>
DEBUG-Release <POINTER(ITypeInfo) ptr=0x1a57f1d1090 at 1a50fe284c0>
DEBUG-Release <POINTER(ITypeLib) ptr=0x1a57f2ade00 at 1a50fe28540>
DEBUG-Release <POINTER(IDispatch) ptr=0x1a5100d6850 at 1a50fe28340>
DEBUG-unimplemented method _ISpeechVoiceEvents_VoiceChange called
DEBUG-Release <POINTER(ISpeechObjectToken) ptr=0x1a5100d6850 at 1a50fe28440>
DEBUG-<comtypes.client._events.CreateEventReceiver.<locals>.Sink object at 0x000001A50FDDC1C0>.Release() -> 1
DEBUG-<comtypes.client._events.CreateEventReceiver.<locals>.Sink object at 0x000001A50FDDC1C0>.AddRef() -> 2
DEBUG-unimplemented method _ISpeechVoiceEvents_Sentence called
DEBUG-<comtypes.client._events.CreateEventReceiver.<locals>.Sink object at 0x000001A50FDDC1C0>.Release() -> 1
DEBUG-<comtypes.client._events.CreateEventReceiver.<locals>.Sink object at 0x000001A50FDDC1C0>.AddRef() -> 2
DEBUG-unimplemented method _ISpeechVoiceEvents_Phoneme called
DEBUG-<comtypes.client._events.CreateEventReceiver.<locals>.Sink object at 0x000001A50FDDC1C0>.Release() -> 1
DEBUG-<comtypes.client._events.CreateEventReceiver.<locals>.Sink object at 0x000001A50FDDC1C0>.AddRef() -> 2
DEBUG-unimplemented method _ISpeechVoiceEvents_Viseme called
DEBUG-<comtypes.client._events.CreateEventReceiver.<locals>.Sink object at 0x000001A50FDDC1C0>.Release() -> 1
DEBUG-<comtypes.client._events.CreateEventReceiver.<locals>.Sink object at 0x000001A50FDDC1C0>.AddRef() -> 2
DEBUG-unimplemented method _ISpeechVoiceEvents_Word called
DEBUG-<comtypes.client._events.CreateEventReceiver.<locals>.Sink object at 0x000001A50FDDC1C0>.Release() -> 1
DEBUG-<comtypes.client._events.CreateEventReceiver.<locals>.Sink object at 0x000001A50FDDC1C0>.AddRef() -> 2
DEBUG-unimplemented method _ISpeechVoiceEvents_Phoneme called
DEBUG-<comtypes.client._events.CreateEventReceiver.<locals>.Sink object at 0x000001A50FDDC1C0>.Release() -> 1
DEBUG-<comtypes.client._events.CreateEventReceiver.<locals>.Sink object at 0x000001A50FDDC1C0>.AddRef() -> 2
DEBUG-unimplemented method _ISpeechVoiceEvents_Viseme called
DEBUG-<comtypes.client._events.CreateEventReceiver.<locals>.Sink object at 0x000001A50FDDC1C0>.Release() -> 1
DEBUG-<comtypes.client._events.CreateEventReceiver.<locals>.Sink object at 0x000001A50FDDC1C0>.AddRef() -> 2
DEBUG-unimplemented method _ISpeechVoiceEvents_Phoneme called
DEBUG-<comtypes.client._events.CreateEventReceiver.<locals>.Sink object at 0x000001A50FDDC1C0>.Release() -> 1
DEBUG-<comtypes.client._events.CreateEventReceiver.<locals>.Sink object at 0x000001A50FDDC1C0>.AddRef() -> 2
DEBUG-unimplemented method _ISpeechVoiceEvents_Viseme called
DEBUG-<comtypes.client._events.CreateEventReceiver.<locals>.Sink object at 0x000001A50FDDC1C0>.Release() -> 1
DEBUG-<comtypes.client._events.CreateEventReceiver.<locals>.Sink object at 0x000001A50FDDC1C0>.AddRef() -> 2
DEBUG-unimplemented method _ISpeechVoiceEvents_Phoneme called
DEBUG-<comtypes.client._events.CreateEventReceiver.<locals>.Sink object at 0x000001A50FDDC1C0>.Release() -> 1
DEBUG-<comtypes.client._events.CreateEventReceiver.<locals>.Sink object at 0x000001A50FDDC1C0>.AddRef() -> 2
DEBUG-unimplemented method _ISpeechVoiceEvents_Viseme called
DEBUG-<comtypes.client._events.CreateEventReceiver.<locals>.Sink object at 0x000001A50FDDC1C0>.Release() -> 1
DEBUG-<comtypes.client._events.CreateEventReceiver.<locals>.Sink object at 0x000001A50FDDC1C0>.AddRef() -> 2
DEBUG-unimplemented method _ISpeechVoiceEvents_Phoneme called
DEBUG-<comtypes.client._events.CreateEventReceiver.<locals>.Sink object at 0x000001A50FDDC1C0>.Release() -> 1
DEBUG-<comtypes.client._events.CreateEventReceiver.<locals>.Sink object at 0x000001A50FDDC1C0>.AddRef() -> 2
DEBUG-unimplemented method _ISpeechVoiceEvents_Viseme called
DEBUG-<comtypes.client._events.CreateEventReceiver.<locals>.Sink object at 0x000001A50FDDC1C0>.Release() -> 1
DEBUG-<comtypes.client._events.CreateEventReceiver.<locals>.Sink object at 0x000001A50FDDC1C0>.AddRef() -> 2
DEBUG-unimplemented method _ISpeechVoiceEvents_Phoneme called
DEBUG-<comtypes.client._events.CreateEventReceiver.<locals>.Sink object at 0x000001A50FDDC1C0>.Release() -> 1
DEBUG-<comtypes.client._events.CreateEventReceiver.<locals>.Sink object at 0x000001A50FDDC1C0>.AddRef() -> 2
DEBUG-unimplemented method _ISpeechVoiceEvents_Viseme called
DEBUG-<comtypes.client._events.CreateEventReceiver.<locals>.Sink object at 0x000001A50FDDC1C0>.Release() -> 1
DEBUG-<comtypes.client._events.CreateEventReceiver.<locals>.Sink object at 0x000001A50FDDC1C0>.AddRef() -> 2
DEBUG-unimplemented method _ISpeechVoiceEvents_Phoneme called
DEBUG-<comtypes.client._events.CreateEventReceiver.<locals>.Sink object at 0x000001A50FDDC1C0>.Release() -> 1
DEBUG-<comtypes.client._events.CreateEventReceiver.<locals>.Sink object at 0x000001A50FDDC1C0>.AddRef() -> 2
DEBUG-unimplemented method _ISpeechVoiceEvents_Phoneme called
DEBUG-<comtypes.client._events.CreateEventReceiver.<locals>.Sink object at 0x000001A50FDDC1C0>.Release() -> 1
DEBUG-<comtypes.client._events.CreateEventReceiver.<locals>.Sink object at 0x000001A50FDDC1C0>.AddRef() -> 2
DEBUG-unimplemented method _ISpeechVoiceEvents_Viseme called
DEBUG-<comtypes.client._events.CreateEventReceiver.<locals>.Sink object at 0x000001A50FDDC1C0>.Release() -> 1
DEBUG-<comtypes.client._events.CreateEventReceiver.<locals>.Sink object at 0x000001A50FDDC1C0>.AddRef() -> 2
DEBUG-unimplemented method _ISpeechVoiceEvents_Sentence called
DEBUG-<comtypes.client._events.CreateEventReceiver.<locals>.Sink object at 0x000001A50FDDC1C0>.Release() -> 1
DEBUG-<comtypes.client._events.CreateEventReceiver.<locals>.Sink object at 0x000001A50FDDC1C0>.AddRef() -> 2
DEBUG-unimplemented method _ISpeechVoiceEvents_Phoneme called
DEBUG-<comtypes.client._events.CreateEventReceiver.<locals>.Sink object at 0x000001A50FDDC1C0>.Release() -> 1
DEBUG-<comtypes.client._events.CreateEventReceiver.<locals>.Sink object at 0x000001A50FDDC1C0>.AddRef() -> 2
DEBUG-unimplemented method _ISpeechVoiceEvents_Viseme called
DEBUG-<comtypes.client._events.CreateEventReceiver.<locals>.Sink object at 0x000001A50FDDC1C0>.Release() -> 1
DEBUG-<comtypes.client._events.CreateEventReceiver.<locals>.Sink object at 0x000001A50FDDC1C0>.AddRef() -> 2
DEBUG-unimplemented method _ISpeechVoiceEvents_Word called
DEBUG-<comtypes.client._events.CreateEventReceiver.<locals>.Sink object at 0x000001A50FDDC1C0>.Release() -> 1
DEBUG-<comtypes.client._events.CreateEventReceiver.<locals>.Sink object at 0x000001A50FDDC1C0>.AddRef() -> 2
DEBUG-unimplemented method _ISpeechVoiceEvents_Phoneme called
DEBUG-<comtypes.client._events.CreateEventReceiver.<locals>.Sink object at 0x000001A50FDDC1C0>.Release() -> 1
DEBUG-<comtypes.client._events.CreateEventReceiver.<locals>.Sink object at 0x000001A50FDDC1C0>.AddRef() -> 2
DEBUG-unimplemented method _ISpeechVoiceEvents_Viseme called
DEBUG-<comtypes.client._events.CreateEventReceiver.<locals>.Sink object at 0x000001A50FDDC1C0>.Release() -> 1
DEBUG-<comtypes.client._events.CreateEventReceiver.<locals>.Sink object at 0x000001A50FDDC1C0>.AddRef() -> 2
DEBUG-unimplemented method _ISpeechVoiceEvents_Phoneme called
DEBUG-<comtypes.client._events.CreateEventReceiver.<locals>.Sink object at 0x000001A50FDDC1C0>.Release() -> 1
DEBUG-<comtypes.client._events.CreateEventReceiver.<locals>.Sink object at 0x000001A50FDDC1C0>.AddRef() -> 2
DEBUG-unimplemented method _ISpeechVoiceEvents_Viseme called
DEBUG-<comtypes.client._events.CreateEventReceiver.<locals>.Sink object at 0x000001A50FDDC1C0>.Release() -> 1
DEBUG-<comtypes.client._events.CreateEventReceiver.<locals>.Sink object at 0x000001A50FDDC1C0>.AddRef() -> 2
DEBUG-unimplemented method _ISpeechVoiceEvents_Phoneme called
DEBUG-<comtypes.client._events.CreateEventReceiver.<locals>.Sink object at 0x000001A50FDDC1C0>.Release() -> 1
DEBUG-<comtypes.client._events.CreateEventReceiver.<locals>.Sink object at 0x000001A50FDDC1C0>.AddRef() -> 2
DEBUG-unimplemented method _ISpeechVoiceEvents_Viseme called
DEBUG-<comtypes.client._events.CreateEventReceiver.<locals>.Sink object at 0x000001A50FDDC1C0>.Release() -> 1
DEBUG-<comtypes.client._events.CreateEventReceiver.<locals>.Sink object at 0x000001A50FDDC1C0>.AddRef() -> 2
DEBUG-unimplemented method _ISpeechVoiceEvents_Phoneme called
DEBUG-<comtypes.client._events.CreateEventReceiver.<locals>.Sink object at 0x000001A50FDDC1C0>.Release() -> 1
DEBUG-<comtypes.client._events.CreateEventReceiver.<locals>.Sink object at 0x000001A50FDDC1C0>.AddRef() -> 2
DEBUG-unimplemented method _ISpeechVoiceEvents_Viseme called
DEBUG-<comtypes.client._events.CreateEventReceiver.<locals>.Sink object at 0x000001A50FDDC1C0>.Release() -> 1
DEBUG-<comtypes.client._events.CreateEventReceiver.<locals>.Sink object at 0x000001A50FDDC1C0>.AddRef() -> 2
DEBUG-unimplemented method _ISpeechVoiceEvents_Word called
DEBUG-<comtypes.client._events.CreateEventReceiver.<locals>.Sink object at 0x000001A50FDDC1C0>.Release() -> 1
DEBUG-<comtypes.client._events.CreateEventReceiver.<locals>.Sink object at 0x000001A50FDDC1C0>.AddRef() -> 2
DEBUG-unimplemented method _ISpeechVoiceEvents_Phoneme called
DEBUG-<comtypes.client._events.CreateEventReceiver.<locals>.Sink object at 0x000001A50FDDC1C0>.Release() -> 1
DEBUG-<comtypes.client._events.CreateEventReceiver.<locals>.Sink object at 0x000001A50FDDC1C0>.AddRef() -> 2
DEBUG-unimplemented method _ISpeechVoiceEvents_Viseme called
DEBUG-<comtypes.client._events.CreateEventReceiver.<locals>.Sink object at 0x000001A50FDDC1C0>.Release() -> 1
DEBUG-<comtypes.client._events.CreateEventReceiver.<locals>.Sink object at 0x000001A50FDDC1C0>.AddRef() -> 2
DEBUG-unimplemented method _ISpeechVoiceEvents_Phoneme called
DEBUG-<comtypes.client._events.CreateEventReceiver.<locals>.Sink object at 0x000001A50FDDC1C0>.Release() -> 1
DEBUG-<comtypes.client._events.CreateEventReceiver.<locals>.Sink object at 0x000001A50FDDC1C0>.AddRef() -> 2
DEBUG-unimplemented method _ISpeechVoiceEvents_Viseme called
DEBUG-<comtypes.client._events.CreateEventReceiver.<locals>.Sink object at 0x000001A50FDDC1C0>.Release() -> 1
DEBUG-<comtypes.client._events.CreateEventReceiver.<locals>.Sink object at 0x000001A50FDDC1C0>.AddRef() -> 2
DEBUG-unimplemented method _ISpeechVoiceEvents_Phoneme called
DEBUG-<comtypes.client._events.CreateEventReceiver.<locals>.Sink object at 0x000001A50FDDC1C0>.Release() -> 1
DEBUG-<comtypes.client._events.CreateEventReceiver.<locals>.Sink object at 0x000001A50FDDC1C0>.AddRef() -> 2
DEBUG-unimplemented method _ISpeechVoiceEvents_Viseme called
DEBUG-<comtypes.client._events.CreateEventReceiver.<locals>.Sink object at 0x000001A50FDDC1C0>.Release() -> 1
DEBUG-<comtypes.client._events.CreateEventReceiver.<locals>.Sink object at 0x000001A50FDDC1C0>.AddRef() -> 2
DEBUG-unimplemented method _ISpeechVoiceEvents_Phoneme called
DEBUG-<comtypes.client._events.CreateEventReceiver.<locals>.Sink object at 0x000001A50FDDC1C0>.Release() -> 1
DEBUG-<comtypes.client._events.CreateEventReceiver.<locals>.Sink object at 0x000001A50FDDC1C0>.AddRef() -> 2
DEBUG-unimplemented method _ISpeechVoiceEvents_Viseme called
DEBUG-<comtypes.client._events.CreateEventReceiver.<locals>.Sink object at 0x000001A50FDDC1C0>.Release() -> 1
DEBUG-<comtypes.client._events.CreateEventReceiver.<locals>.Sink object at 0x000001A50FDDC1C0>.AddRef() -> 2
DEBUG-unimplemented method _ISpeechVoiceEvents_Phoneme called
DEBUG-<comtypes.client._events.CreateEventReceiver.<locals>.Sink object at 0x000001A50FDDC1C0>.Release() -> 1
DEBUG-<comtypes.client._events.CreateEventReceiver.<locals>.Sink object at 0x000001A50FDDC1C0>.AddRef() -> 2
DEBUG-unimplemented method _ISpeechVoiceEvents_Word called
DEBUG-<comtypes.client._events.CreateEventReceiver.<locals>.Sink object at 0x000001A50FDDC1C0>.Release() -> 1
DEBUG-<comtypes.client._events.CreateEventReceiver.<locals>.Sink object at 0x000001A50FDDC1C0>.AddRef() -> 2
DEBUG-unimplemented method _ISpeechVoiceEvents_Phoneme called
DEBUG-<comtypes.client._events.CreateEventReceiver.<locals>.Sink object at 0x000001A50FDDC1C0>.Release() -> 1
DEBUG-<comtypes.client._events.CreateEventReceiver.<locals>.Sink object at 0x000001A50FDDC1C0>.AddRef() -> 2
DEBUG-unimplemented method _ISpeechVoiceEvents_Viseme called
DEBUG-<comtypes.client._events.CreateEventReceiver.<locals>.Sink object at 0x000001A50FDDC1C0>.Release() -> 1
DEBUG-<comtypes.client._events.CreateEventReceiver.<locals>.Sink object at 0x000001A50FDDC1C0>.AddRef() -> 2
DEBUG-unimplemented method _ISpeechVoiceEvents_Phoneme called
DEBUG-<comtypes.client._events.CreateEventReceiver.<locals>.Sink object at 0x000001A50FDDC1C0>.Release() -> 1
DEBUG-<comtypes.client._events.CreateEventReceiver.<locals>.Sink object at 0x000001A50FDDC1C0>.AddRef() -> 2
DEBUG-unimplemented method _ISpeechVoiceEvents_Viseme called
DEBUG-<comtypes.client._events.CreateEventReceiver.<locals>.Sink object at 0x000001A50FDDC1C0>.Release() -> 1
DEBUG-<comtypes.client._events.CreateEventReceiver.<locals>.Sink object at 0x000001A50FDDC1C0>.AddRef() -> 2
DEBUG-unimplemented method _ISpeechVoiceEvents_Phoneme called
DEBUG-<comtypes.client._events.CreateEventReceiver.<locals>.Sink object at 0x000001A50FDDC1C0>.Release() -> 1
DEBUG-<comtypes.client._events.CreateEventReceiver.<locals>.Sink object at 0x000001A50FDDC1C0>.AddRef() -> 2
DEBUG-unimplemented method _ISpeechVoiceEvents_Phoneme called
DEBUG-<comtypes.client._events.CreateEventReceiver.<locals>.Sink object at 0x000001A50FDDC1C0>.Release() -> 1
DEBUG-<comtypes.client._events.CreateEventReceiver.<locals>.Sink object at 0x000001A50FDDC1C0>.AddRef() -> 2
DEBUG-unimplemented method _ISpeechVoiceEvents_Viseme called
DEBUG-<comtypes.client._events.CreateEventReceiver.<locals>.Sink object at 0x000001A50FDDC1C0>.Release() -> 1
DEBUG-<comtypes.client._events.CreateEventReceiver.<locals>.Sink object at 0x000001A50FDDC1C0>.AddRef() -> 2
DEBUG-unimplemented method _ISpeechVoiceEvents_Phoneme called
DEBUG-<comtypes.client._events.CreateEventReceiver.<locals>.Sink object at 0x000001A50FDDC1C0>.Release() -> 1
DEBUG-<comtypes.client._events.CreateEventReceiver.<locals>.Sink object at 0x000001A50FDDC1C0>.AddRef() -> 2
DEBUG-unimplemented method _ISpeechVoiceEvents_Viseme called
DEBUG-<comtypes.client._events.CreateEventReceiver.<locals>.Sink object at 0x000001A50FDDC1C0>.Release() -> 1
DEBUG-<comtypes.client._events.CreateEventReceiver.<locals>.Sink object at 0x000001A50FDDC1C0>.AddRef() -> 2
DEBUG-unimplemented method _ISpeechVoiceEvents_Phoneme called
DEBUG-<comtypes.client._events.CreateEventReceiver.<locals>.Sink object at 0x000001A50FDDC1C0>.Release() -> 1
DEBUG-<comtypes.client._events.CreateEventReceiver.<locals>.Sink object at 0x000001A50FDDC1C0>.AddRef() -> 2
DEBUG-unimplemented method _ISpeechVoiceEvents_Viseme called
DEBUG-<comtypes.client._events.CreateEventReceiver.<locals>.Sink object at 0x000001A50FDDC1C0>.Release() -> 1
DEBUG-<comtypes.client._events.CreateEventReceiver.<locals>.Sink object at 0x000001A50FDDC1C0>.AddRef() -> 2
DEBUG-<comtypes.client._events.CreateEventReceiver.<locals>.Sink object at 0x000001A50FDDC1C0>.Release() -> 1
DEBUG-Start
DEBUG-0 0  meansRGBe: 158.7520661157025 149.17355371900825 110.82644628099173
DEBUG-white 158.7520661157025
DEBUG-0 1  meansRGBo: 187.16528925619835 149.14462809917356 123.47107438016529
DEBUG-white 187.16528925619835
DEBUG-0 2  meansRGBe: 172.3512396694215 158.80165289256198 118.43801652892562
DEBUG-white 172.3512396694215
DEBUG-0 3  meansRGBo: 196.4214876033058 161.79338842975207 133.8595041322314
DEBUG-white 196.4214876033058
DEBUG-0 4  meansRGBe: 180.08264462809916 169.59504132231405 140.47107438016528
DEBUG-white 180.08264462809916
DEBUG-0 5  meansRGBo: 205.3512396694215 175.70661157024793 149.28099173553719
DEBUG-white 205.3512396694215
DEBUG-0 6  meansRGBe: 160.25619834710744 147.00413223140495 113.61157024793388
DEBUG-white 160.25619834710744
DEBUG-0 7  meansRGBo: 201.37190082644628 171.98760330578511 151.73553719008265
DEBUG-white 201.37190082644628
DEBUG-1 0  meansRGBo: 206.21900826446281 170.9793388429752 145.43388429752065
DEBUG-white 206.21900826446281
DEBUG-1 1  meansRGBe: 165.15289256198346 149.91735537190084 116.30165289256199
DEBUG-white 165.15289256198346
DEBUG-1 2  meansRGBo: 211.78925619834712 178.77272727272728 156.22314049586777
DEBUG-white 211.78925619834712
DEBUG-1 3  meansRGBe: 180.3099173553719 165.78925619834712 129.49586776859505
DEBUG-white 180.3099173553719
DEBUG-1 4  meansRGBo: 213.37190082644628 182.21900826446281 159.10743801652893
DEBUG-white 213.37190082644628
DEBUG-1 5  meansRGBe: 188.28099173553719 178.40495867768595 143.91735537190084
DEBUG-white 188.28099173553719
DEBUG-1 6  meansRGBo: 220.89669421487602 191.06198347107437 167.89256198347107
DEBUG-white 220.89669421487602
DEBUG-1 7  meansRGBe: 174.78099173553719 172.48760330578511 141.38429752066116
DEBUG-white 174.78099173553719
DEBUG-2 0  meansRGBe: 120.56611570247934 126.69834710743801 92.52479338842976
DEBUG-empty
DEBUG-2 1  meansRGBo: 245.99586776859505 182.6198347107438 186.61570247933884
DEBUG-empty
DEBUG-2 2  meansRGBe: 153.9504132231405 158.93801652892563 129.86776859504133
DEBUG-empty
DEBUG-2 3  meansRGBo: 252.90495867768595 207.12809917355372 205.75619834710744
DEBUG-empty
DEBUG-2 4  meansRGBe: 162.38842975206612 167.29338842975207 139.5702479338843
DEBUG-empty
DEBUG-2 5  meansRGBo: 252.94214876033058 200.63223140495867 203.80165289256198
DEBUG-empty
DEBUG-2 6  meansRGBe: 141.53719008264463 149.77272727272728 125.39256198347107
DEBUG-empty
DEBUG-2 7  meansRGBo: 227.96694214876032 176.7603305785124 183.9917355371901
DEBUG-empty
DEBUG-3 0  meansRGBo: 213.8305785123967 158.35537190082644 164.12809917355372
DEBUG-empty
DEBUG-3 1  meansRGBe: 131.23553719008265 137.1611570247934 109.0495867768595
DEBUG-empty
DEBUG-3 2  meansRGBo: 248.42561983471074 184.4090909090909 190.7603305785124
DEBUG-empty
DEBUG-3 3  meansRGBe: 151.01239669421489 154.78925619834712 128.2603305785124
DEBUG-empty
DEBUG-3 4  meansRGBo: 253.1611570247934 194.5 199.55371900826447
DEBUG-empty
DEBUG-3 5  meansRGBe: 147.1611570247934 151.35537190082644 128.48760330578511
DEBUG-empty
DEBUG-3 6  meansRGBo: 237.37190082644628 180.83471074380165 191.20247933884298
DEBUG-empty
DEBUG-3 7  meansRGBe: 122.24793388429752 133.5702479338843 108.03305785123968
DEBUG-empty
DEBUG-4 0  meansRGBe: 105.64876033057851 114.01239669421487 82.54132231404958
DEBUG-empty
DEBUG-4 1  meansRGBo: 222.25619834710744 163.58264462809916 168.76859504132233
DEBUG-empty
DEBUG-4 2  meansRGBe: 132.60743801652893 137.80578512396696 108.30578512396694
DEBUG-empty
DEBUG-4 3  meansRGBo: 244.3099173553719 181.43388429752065 187.27272727272728
DEBUG-empty
DEBUG-4 4  meansRGBe: 143.86363636363637 147.8305785123967 122.70247933884298
DEBUG-empty
DEBUG-4 5  meansRGBo: 240.5702479338843 181.00413223140495 189.56611570247935
DEBUG-empty
DEBUG-4 6  meansRGBe: 130.0785123966942 138.88429752066116 114.42148760330579
DEBUG-empty
DEBUG-4 7  meansRGBo: 211.1487603305785 162.88429752066116 172.46694214876032
DEBUG-empty
DEBUG-5 0  meansRGBo: 196.7479338842975 146.3181818181818 151.11570247933884
DEBUG-empty
DEBUG-5 1  meansRGBe: 115.40495867768595 122.0 90.06198347107438
DEBUG-empty
DEBUG-5 2  meansRGBo: 224.39256198347107 168.3099173553719 170.88842975206612
DEBUG-empty
DEBUG-5 3  meansRGBe: 135.29752066115702 141.07438016528926 111.07438016528926
DEBUG-empty
DEBUG-5 4  meansRGBo: 235.7603305785124 178.68595041322314 183.34297520661158
DEBUG-empty
DEBUG-5 5  meansRGBe: 136.0909090909091 141.3801652892562 115.66115702479338
DEBUG-empty
DEBUG-5 6  meansRGBo: 218.26859504132233 168.5206611570248 176.15289256198346
DEBUG-empty
DEBUG-5 7  meansRGBe: 111.85537190082644 124.85123966942149 99.19421487603306
DEBUG-empty
DEBUG-6 0  meansRGBe: 38.59504132231405 42.16528925619835 36.256198347107436
DEBUG-black 38.59504132231405
DEBUG-6 1  meansRGBo: 95.30165289256199 76.33884297520662 77.43388429752066
DEBUG-black 95.30165289256199
DEBUG-6 2  meansRGBe: 55.04545454545455 58.03305785123967 48.425619834710744
DEBUG-black 55.04545454545455
DEBUG-6 3  meansRGBo: 108.77272727272727 87.19834710743801 89.00826446280992
DEBUG-black 108.77272727272727
DEBUG-6 4  meansRGBe: 64.80578512396694 67.65702479338843 58.22314049586777
DEBUG-black 64.80578512396694
DEBUG-6 5  meansRGBo: 110.90082644628099 89.28099173553719 91.51652892561984
DEBUG-black 110.90082644628099
DEBUG-6 6  meansRGBe: 61.84297520661157 66.58264462809917 57.611570247933884
DEBUG-black 61.84297520661157
DEBUG-6 7  meansRGBo: 81.33884297520662 68.33471074380165 72.02066115702479
DEBUG-black 81.33884297520662
DEBUG-7 0  meansRGBo: 75.06198347107438 57.93801652892562 54.97933884297521
DEBUG-black 75.06198347107438
DEBUG-7 1  meansRGBe: 42.764462809917354 44.85537190082645 35.20661157024794
DEBUG-black 42.764462809917354
DEBUG-7 2  meansRGBo: 83.8099173553719 66.92561983471074 64.66115702479338
DEBUG-black 83.8099173553719
DEBUG-7 3  meansRGBe: 45.59504132231405 47.85950413223141 38.88429752066116
DEBUG-black 45.59504132231405
DEBUG-7 4  meansRGBo: 69.89669421487604 57.97933884297521 57.256198347107436
DEBUG-black 69.89669421487604
DEBUG-7 5  meansRGBe: 40.768595041322314 43.099173553719005 39.8099173553719
DEBUG-black 40.768595041322314
DEBUG-7 6  meansRGBo: 49.239669421487605 44.235537190082646 46.05785123966942
DEBUG-black 49.239669421487605
DEBUG-7 7  meansRGBe: 34.14049586776859 37.34710743801653 33.02066115702479
DEBUG-black 34.14049586776859
DEBUG-white 157.53305785123968
DEBUG-white 185.28512396694214
DEBUG-white 170.59504132231405
DEBUG-white 193.56198347107437
DEBUG-white 177.4214876033058
DEBUG-white 204.39669421487602
DEBUG-white 158.04132231404958
DEBUG-white 199.71074380165288
DEBUG-white 204.96280991735537
DEBUG-white 163.71074380165288
DEBUG-white 211.15702479338842
DEBUG-white 180.00413223140495
DEBUG-white 212.85537190082644
DEBUG-empty
DEBUG-white 221.10330578512398
DEBUG-white 171.86363636363637
DEBUG-empty
DEBUG-empty
DEBUG-empty
DEBUG-empty
DEBUG-empty
DEBUG-white 216.6694214876033
DEBUG-empty
DEBUG-empty
DEBUG-empty
DEBUG-empty
DEBUG-empty
DEBUG-empty
DEBUG-empty
DEBUG-empty
DEBUG-empty
DEBUG-empty
DEBUG-empty
DEBUG-empty
DEBUG-empty
DEBUG-empty
DEBUG-empty
DEBUG-empty
DEBUG-empty
DEBUG-empty
DEBUG-empty
DEBUG-empty
DEBUG-empty
DEBUG-empty
DEBUG-empty
DEBUG-empty
DEBUG-empty
DEBUG-empty
DEBUG-black 34.19421487603306
DEBUG-black 90.42561983471074
DEBUG-black 50.35537190082645
DEBUG-black 104.44628099173553
DEBUG-black 61.103305785123965
DEBUG-black 107.7107438016529
DEBUG-black 59.929752066115704
DEBUG-black 77.60330578512396
DEBUG-black 72.39256198347107
DEBUG-black 40.52892561983471
DEBUG-black 80.9090909090909
DEBUG-black 41.764462809917354
DEBUG-black 67.39669421487604
DEBUG-black 36.103305785123965
DEBUG-black 46.09504132231405
DEBUG-black 31.830578512396695
DEBUG-white 158.23140495867767
DEBUG-white 184.86363636363637
DEBUG-white 170.8512396694215
DEBUG-white 193.28925619834712
DEBUG-white 177.3595041322314
DEBUG-white 203.7396694214876
DEBUG-white 158.89669421487602
DEBUG-white 199.46280991735537
DEBUG-white 204.9297520661157
DEBUG-white 162.86363636363637
DEBUG-white 211.10330578512398
DEBUG-white 180.02479338842974
DEBUG-white 212.5206611570248
DEBUG-empty
DEBUG-empty
DEBUG-white 172.66528925619835
DEBUG-empty
DEBUG-empty
DEBUG-empty
DEBUG-empty
DEBUG-empty
DEBUG-white 217.38842975206612
DEBUG-empty
DEBUG-empty
DEBUG-empty
DEBUG-empty
DEBUG-empty
DEBUG-empty
DEBUG-empty
DEBUG-empty
DEBUG-white 213.06611570247935
DEBUG-empty
DEBUG-empty
DEBUG-empty
DEBUG-empty
DEBUG-empty
DEBUG-black 66.92561983471074
DEBUG-empty
DEBUG-empty
DEBUG-empty
DEBUG-empty
DEBUG-empty
DEBUG-empty
DEBUG-empty
DEBUG-empty
DEBUG-empty
DEBUG-empty
DEBUG-empty
DEBUG-black 33.731404958677686
DEBUG-black 90.03719008264463
DEBUG-black 50.37603305785124
DEBUG-black 105.33471074380165
DEBUG-empty
DEBUG-black 107.77272727272727
DEBUG-black 60.0
DEBUG-black 77.76446280991736
DEBUG-black 72.20247933884298
DEBUG-black 40.66115702479339
DEBUG-black 80.75619834710744
DEBUG-black 42.19421487603306
DEBUG-black 71.83471074380165
DEBUG-black 37.54132231404959
DEBUG-black 46.396694214876035
DEBUG-black 31.74793388429752
DEBUG-wrap_outparam(<POINTER(ISpeechObjectTokens) ptr=0x1a511240d10 at 1a50fcd7ac0>)
DEBUG-Release <POINTER(IUnknown) ptr=0x1a5100d7710 at 1a50fe28240>
DEBUG-wrap_outparam(<POINTER(IDispatch) ptr=0x1a5100d9b70 at 1a50fe28540>)
DEBUG-GetBestInterface(<POINTER(IDispatch) ptr=0x1a5100d9b70 at 1a50fe28540>)
DEBUG-Does NOT implement IProvideClassInfo, trying IProvideClassInfo2
DEBUG-Does NOT implement IProvideClassInfo/IProvideClassInfo2
DEBUG-Release <POINTER(IUnknown) ptr=0x1a57f1d1090 at 1a50fe283c0>
DEBUG-Default interface is {C74A3ADC-B727-4500-A84A-B526721C8B8C}
DEBUG-Release <POINTER(IUnknown) ptr=0x1a5100d9b70 at 1a50fe28640>
DEBUG-GetModule(TLIBATTR(GUID={C866CA3A-32F7-11D2-9602-00C04F8EE628}, Version=5.4, LCID=0, FLags=0x8))
DEBUG-Implements default interface from typeinfo <class 'comtypes.gen._C866CA3A_32F7_11D2_9602_00C04F8EE628_0_5_4.ISpeechObjectToken'>
DEBUG-Final result is <POINTER(ISpeechObjectToken) ptr=0x1a5100d9b70 at 1a50fe283c0>
DEBUG-Release <POINTER(IDispatch) ptr=0x1a5100d9b70 at 1a50fe284c0>
DEBUG-Release <POINTER(ITypeInfo) ptr=0x1a57f1d1090 at 1a50fe285c0>
DEBUG-Release <POINTER(ITypeLib) ptr=0x1a57f2ade00 at 1a50fe28640>
DEBUG-Release <POINTER(IDispatch) ptr=0x1a5100d9b70 at 1a50fe28540>
DEBUG-wrap_outparam(<POINTER(IDispatch) ptr=0x1a5100da500 at 1a50fe28540>)
DEBUG-GetBestInterface(<POINTER(IDispatch) ptr=0x1a5100da500 at 1a50fe28540>)
DEBUG-Does NOT implement IProvideClassInfo, trying IProvideClassInfo2
DEBUG-Does NOT implement IProvideClassInfo/IProvideClassInfo2
DEBUG-Release <POINTER(IUnknown) ptr=0x1a57f1d1090 at 1a50fe285c0>
DEBUG-Default interface is {C74A3ADC-B727-4500-A84A-B526721C8B8C}
DEBUG-Release <POINTER(IUnknown) ptr=0x1a5100da500 at 1a50fe286c0>
DEBUG-GetModule(TLIBATTR(GUID={C866CA3A-32F7-11D2-9602-00C04F8EE628}, Version=5.4, LCID=0, FLags=0x8))
DEBUG-Implements default interface from typeinfo <class 'comtypes.gen._C866CA3A_32F7_11D2_9602_00C04F8EE628_0_5_4.ISpeechObjectToken'>
DEBUG-Final result is <POINTER(ISpeechObjectToken) ptr=0x1a5100da500 at 1a50fe285c0>
DEBUG-Release <POINTER(IDispatch) ptr=0x1a5100da500 at 1a50fe282c0>
DEBUG-Release <POINTER(ITypeInfo) ptr=0x1a57f1d1090 at 1a50fe284c0>
DEBUG-Release <POINTER(ITypeLib) ptr=0x1a57f2ade00 at 1a50fe286c0>
DEBUG-Release <POINTER(IDispatch) ptr=0x1a5100da500 at 1a50fe28540>
DEBUG-Release <POINTER(ISpeechObjectToken) ptr=0x1a5100d9b70 at 1a50fe283c0>
DEBUG-Release <POINTER(IEnumVARIANT) ptr=0x1a5100d7710 at 1a50fe28440>
DEBUG-Release <POINTER(ISpeechObjectTokens) ptr=0x1a511240d10 at 1a50fcd7ac0>
DEBUG-Release <POINTER(ISpeechObjectToken) ptr=0x1a5100da500 at 1a50fe285c0>
DEBUG-<comtypes.client._events.CreateEventReceiver.<locals>.Sink object at 0x000001A50FDDC1C0>.AddRef() -> 2
DEBUG-<comtypes.client._events.CreateEventReceiver.<locals>.Sink object at 0x000001A50FDDC1C0>.Release() -> 1
DEBUG-<comtypes.client._events.CreateEventReceiver.<locals>.Sink object at 0x000001A50FDDC1C0>.AddRef() -> 2
DEBUG-wrap_outparam(<POINTER(IDispatch) ptr=0x1a5100d6850 at 1a50fe28640>)
DEBUG-GetBestInterface(<POINTER(IDispatch) ptr=0x1a5100d6850 at 1a50fe28640>)
DEBUG-Does NOT implement IProvideClassInfo, trying IProvideClassInfo2
DEBUG-Does NOT implement IProvideClassInfo/IProvideClassInfo2
DEBUG-Release <POINTER(IUnknown) ptr=0x1a57f1d1090 at 1a50fe28740>
DEBUG-Default interface is {C74A3ADC-B727-4500-A84A-B526721C8B8C}
DEBUG-Release <POINTER(IUnknown) ptr=0x1a5100d6850 at 1a50fe28840>
DEBUG-GetModule(TLIBATTR(GUID={C866CA3A-32F7-11D2-9602-00C04F8EE628}, Version=5.4, LCID=0, FLags=0x8))
DEBUG-Implements default interface from typeinfo <class 'comtypes.gen._C866CA3A_32F7_11D2_9602_00C04F8EE628_0_5_4.ISpeechObjectToken'>
DEBUG-Final result is <POINTER(ISpeechObjectToken) ptr=0x1a5100d6850 at 1a50fe28740>
DEBUG-Release <POINTER(IDispatch) ptr=0x1a5100d6850 at 1a50fe282c0>
DEBUG-Release <POINTER(ITypeInfo) ptr=0x1a57f1d1090 at 1a50fe287c0>
DEBUG-Release <POINTER(ITypeLib) ptr=0x1a57f2ade00 at 1a50fe28840>
DEBUG-Release <POINTER(IDispatch) ptr=0x1a5100d6850 at 1a50fe28640>
DEBUG-unimplemented method _ISpeechVoiceEvents_VoiceChange called
DEBUG-Release <POINTER(ISpeechObjectToken) ptr=0x1a5100d6850 at 1a50fe28740>
DEBUG-<comtypes.client._events.CreateEventReceiver.<locals>.Sink object at 0x000001A50FDDC1C0>.Release() -> 1
DEBUG-<comtypes.client._events.CreateEventReceiver.<locals>.Sink object at 0x000001A50FDDC1C0>.AddRef() -> 2
DEBUG-unimplemented method _ISpeechVoiceEvents_Sentence called
DEBUG-<comtypes.client._events.CreateEventReceiver.<locals>.Sink object at 0x000001A50FDDC1C0>.Release() -> 1
DEBUG-<comtypes.client._events.CreateEventReceiver.<locals>.Sink object at 0x000001A50FDDC1C0>.AddRef() -> 2
DEBUG-unimplemented method _ISpeechVoiceEvents_Phoneme called
DEBUG-<comtypes.client._events.CreateEventReceiver.<locals>.Sink object at 0x000001A50FDDC1C0>.Release() -> 1
DEBUG-<comtypes.client._events.CreateEventReceiver.<locals>.Sink object at 0x000001A50FDDC1C0>.AddRef() -> 2
DEBUG-unimplemented method _ISpeechVoiceEvents_Viseme called
DEBUG-<comtypes.client._events.CreateEventReceiver.<locals>.Sink object at 0x000001A50FDDC1C0>.Release() -> 1
DEBUG-<comtypes.client._events.CreateEventReceiver.<locals>.Sink object at 0x000001A50FDDC1C0>.AddRef() -> 2
DEBUG-unimplemented method _ISpeechVoiceEvents_Word called
DEBUG-<comtypes.client._events.CreateEventReceiver.<locals>.Sink object at 0x000001A50FDDC1C0>.Release() -> 1
DEBUG-<comtypes.client._events.CreateEventReceiver.<locals>.Sink object at 0x000001A50FDDC1C0>.AddRef() -> 2
DEBUG-unimplemented method _ISpeechVoiceEvents_Phoneme called
DEBUG-<comtypes.client._events.CreateEventReceiver.<locals>.Sink object at 0x000001A50FDDC1C0>.Release() -> 1
DEBUG-<comtypes.client._events.CreateEventReceiver.<locals>.Sink object at 0x000001A50FDDC1C0>.AddRef() -> 2
DEBUG-unimplemented method _ISpeechVoiceEvents_Viseme called
DEBUG-<comtypes.client._events.CreateEventReceiver.<locals>.Sink object at 0x000001A50FDDC1C0>.Release() -> 1
DEBUG-<comtypes.client._events.CreateEventReceiver.<locals>.Sink object at 0x000001A50FDDC1C0>.AddRef() -> 2
DEBUG-unimplemented method _ISpeechVoiceEvents_Phoneme called
DEBUG-<comtypes.client._events.CreateEventReceiver.<locals>.Sink object at 0x000001A50FDDC1C0>.Release() -> 1
DEBUG-<comtypes.client._events.CreateEventReceiver.<locals>.Sink object at 0x000001A50FDDC1C0>.AddRef() -> 2
DEBUG-unimplemented method _ISpeechVoiceEvents_Viseme called
DEBUG-<comtypes.client._events.CreateEventReceiver.<locals>.Sink object at 0x000001A50FDDC1C0>.Release() -> 1
DEBUG-<comtypes.client._events.CreateEventReceiver.<locals>.Sink object at 0x000001A50FDDC1C0>.AddRef() -> 2
DEBUG-unimplemented method _ISpeechVoiceEvents_Phoneme called
DEBUG-<comtypes.client._events.CreateEventReceiver.<locals>.Sink object at 0x000001A50FDDC1C0>.Release() -> 1
DEBUG-<comtypes.client._events.CreateEventReceiver.<locals>.Sink object at 0x000001A50FDDC1C0>.AddRef() -> 2
DEBUG-unimplemented method _ISpeechVoiceEvents_Phoneme called
DEBUG-<comtypes.client._events.CreateEventReceiver.<locals>.Sink object at 0x000001A50FDDC1C0>.Release() -> 1
DEBUG-<comtypes.client._events.CreateEventReceiver.<locals>.Sink object at 0x000001A50FDDC1C0>.AddRef() -> 2
DEBUG-unimplemented method _ISpeechVoiceEvents_Viseme called
DEBUG-<comtypes.client._events.CreateEventReceiver.<locals>.Sink object at 0x000001A50FDDC1C0>.Release() -> 1
DEBUG-<comtypes.client._events.CreateEventReceiver.<locals>.Sink object at 0x000001A50FDDC1C0>.AddRef() -> 2
DEBUG-unimplemented method _ISpeechVoiceEvents_Phoneme called
DEBUG-<comtypes.client._events.CreateEventReceiver.<locals>.Sink object at 0x000001A50FDDC1C0>.Release() -> 1
DEBUG-<comtypes.client._events.CreateEventReceiver.<locals>.Sink object at 0x000001A50FDDC1C0>.AddRef() -> 2
DEBUG-unimplemented method _ISpeechVoiceEvents_Viseme called
DEBUG-<comtypes.client._events.CreateEventReceiver.<locals>.Sink object at 0x000001A50FDDC1C0>.Release() -> 1
DEBUG-<comtypes.client._events.CreateEventReceiver.<locals>.Sink object at 0x000001A50FDDC1C0>.AddRef() -> 2
DEBUG-unimplemented method _ISpeechVoiceEvents_Phoneme called
DEBUG-<comtypes.client._events.CreateEventReceiver.<locals>.Sink object at 0x000001A50FDDC1C0>.Release() -> 1
DEBUG-<comtypes.client._events.CreateEventReceiver.<locals>.Sink object at 0x000001A50FDDC1C0>.AddRef() -> 2
DEBUG-unimplemented method _ISpeechVoiceEvents_Viseme called
DEBUG-<comtypes.client._events.CreateEventReceiver.<locals>.Sink object at 0x000001A50FDDC1C0>.Release() -> 1
DEBUG-<comtypes.client._events.CreateEventReceiver.<locals>.Sink object at 0x000001A50FDDC1C0>.AddRef() -> 2
DEBUG-<comtypes.client._events.CreateEventReceiver.<locals>.Sink object at 0x000001A50FDDC1C0>.Release() -> 1
DEBUG-wrap_outparam(<POINTER(ISpeechObjectTokens) ptr=0x1a511240d10 at 1a50fcd7ac0>)
DEBUG-Release <POINTER(IUnknown) ptr=0x1a511242440 at 1a50fe28440>
DEBUG-wrap_outparam(<POINTER(IDispatch) ptr=0x1a5100d9ed0 at 1a50fe283c0>)
DEBUG-GetBestInterface(<POINTER(IDispatch) ptr=0x1a5100d9ed0 at 1a50fe283c0>)
DEBUG-Does NOT implement IProvideClassInfo, trying IProvideClassInfo2
DEBUG-Does NOT implement IProvideClassInfo/IProvideClassInfo2
DEBUG-Release <POINTER(IUnknown) ptr=0x1a57f1d1090 at 1a50fe28540>
DEBUG-Default interface is {C74A3ADC-B727-4500-A84A-B526721C8B8C}
DEBUG-Release <POINTER(IUnknown) ptr=0x1a5100d9ed0 at 1a50fe28840>
DEBUG-GetModule(TLIBATTR(GUID={C866CA3A-32F7-11D2-9602-00C04F8EE628}, Version=5.4, LCID=0, FLags=0x8))
DEBUG-Implements default interface from typeinfo <class 'comtypes.gen._C866CA3A_32F7_11D2_9602_00C04F8EE628_0_5_4.ISpeechObjectToken'>
DEBUG-Final result is <POINTER(ISpeechObjectToken) ptr=0x1a5100d9ed0 at 1a50fe28540>
DEBUG-Release <POINTER(IDispatch) ptr=0x1a5100d9ed0 at 1a50fe286c0>
DEBUG-Release <POINTER(ITypeInfo) ptr=0x1a57f1d1090 at 1a50fe28640>
DEBUG-Release <POINTER(ITypeLib) ptr=0x1a57f2ade00 at 1a50fe28840>
DEBUG-Release <POINTER(IDispatch) ptr=0x1a5100d9ed0 at 1a50fe283c0>
DEBUG-wrap_outparam(<POINTER(IDispatch) ptr=0x1a5100da2c0 at 1a50fe283c0>)
DEBUG-GetBestInterface(<POINTER(IDispatch) ptr=0x1a5100da2c0 at 1a50fe283c0>)
DEBUG-Does NOT implement IProvideClassInfo, trying IProvideClassInfo2
DEBUG-Does NOT implement IProvideClassInfo/IProvideClassInfo2
DEBUG-Release <POINTER(IUnknown) ptr=0x1a57f1d1090 at 1a50fe28640>
DEBUG-Default interface is {C74A3ADC-B727-4500-A84A-B526721C8B8C}
DEBUG-Release <POINTER(IUnknown) ptr=0x1a5100da2c0 at 1a50fe280c0>
DEBUG-GetModule(TLIBATTR(GUID={C866CA3A-32F7-11D2-9602-00C04F8EE628}, Version=5.4, LCID=0, FLags=0x8))
DEBUG-Implements default interface from typeinfo <class 'comtypes.gen._C866CA3A_32F7_11D2_9602_00C04F8EE628_0_5_4.ISpeechObjectToken'>
DEBUG-Final result is <POINTER(ISpeechObjectToken) ptr=0x1a5100da2c0 at 1a50fe28640>
DEBUG-Release <POINTER(IDispatch) ptr=0x1a5100da2c0 at 1a50fe28740>
DEBUG-Release <POINTER(ITypeInfo) ptr=0x1a57f1d1090 at 1a50fe286c0>
DEBUG-Release <POINTER(ITypeLib) ptr=0x1a57f2ade00 at 1a50fe280c0>
DEBUG-Release <POINTER(IDispatch) ptr=0x1a5100da2c0 at 1a50fe283c0>
DEBUG-Release <POINTER(ISpeechObjectToken) ptr=0x1a5100d9ed0 at 1a50fe28540>
DEBUG-Release <POINTER(IEnumVARIANT) ptr=0x1a511242440 at 1a50fe285c0>
DEBUG-Release <POINTER(ISpeechObjectTokens) ptr=0x1a511240d10 at 1a50fcd7ac0>
DEBUG-Release <POINTER(ISpeechObjectToken) ptr=0x1a5100da2c0 at 1a50fe28640>
DEBUG-<comtypes.client._events.CreateEventReceiver.<locals>.Sink object at 0x000001A50FDDC1C0>.AddRef() -> 2
DEBUG-<comtypes.client._events.CreateEventReceiver.<locals>.Sink object at 0x000001A50FDDC1C0>.Release() -> 1
DEBUG-<comtypes.client._events.CreateEventReceiver.<locals>.Sink object at 0x000001A50FDDC1C0>.AddRef() -> 2
DEBUG-wrap_outparam(<POINTER(IDispatch) ptr=0x1a5100d6850 at 1a50fe28840>)
DEBUG-GetBestInterface(<POINTER(IDispatch) ptr=0x1a5100d6850 at 1a50fe28840>)
DEBUG-Does NOT implement IProvideClassInfo, trying IProvideClassInfo2
DEBUG-Does NOT implement IProvideClassInfo/IProvideClassInfo2
DEBUG-Release <POINTER(IUnknown) ptr=0x1a57f1d1090 at 1a50fe284c0>
DEBUG-Default interface is {C74A3ADC-B727-4500-A84A-B526721C8B8C}
DEBUG-Release <POINTER(IUnknown) ptr=0x1a5100d6850 at 1a50fe282c0>
DEBUG-GetModule(TLIBATTR(GUID={C866CA3A-32F7-11D2-9602-00C04F8EE628}, Version=5.4, LCID=0, FLags=0x8))
DEBUG-Implements default interface from typeinfo <class 'comtypes.gen._C866CA3A_32F7_11D2_9602_00C04F8EE628_0_5_4.ISpeechObjectToken'>
DEBUG-Final result is <POINTER(ISpeechObjectToken) ptr=0x1a5100d6850 at 1a50fe284c0>
DEBUG-Release <POINTER(IDispatch) ptr=0x1a5100d6850 at 1a50fe28740>
DEBUG-Release <POINTER(ITypeInfo) ptr=0x1a57f1d1090 at 1a50fe287c0>
DEBUG-Release <POINTER(ITypeLib) ptr=0x1a57f2ade00 at 1a50fe282c0>
DEBUG-Release <POINTER(IDispatch) ptr=0x1a5100d6850 at 1a50fe28840>
DEBUG-unimplemented method _ISpeechVoiceEvents_VoiceChange called
DEBUG-Release <POINTER(ISpeechObjectToken) ptr=0x1a5100d6850 at 1a50fe284c0>
DEBUG-<comtypes.client._events.CreateEventReceiver.<locals>.Sink object at 0x000001A50FDDC1C0>.Release() -> 1
DEBUG-<comtypes.client._events.CreateEventReceiver.<locals>.Sink object at 0x000001A50FDDC1C0>.AddRef() -> 2
DEBUG-unimplemented method _ISpeechVoiceEvents_Sentence called
DEBUG-<comtypes.client._events.CreateEventReceiver.<locals>.Sink object at 0x000001A50FDDC1C0>.Release() -> 1
DEBUG-<comtypes.client._events.CreateEventReceiver.<locals>.Sink object at 0x000001A50FDDC1C0>.AddRef() -> 2
DEBUG-unimplemented method _ISpeechVoiceEvents_Phoneme called
DEBUG-<comtypes.client._events.CreateEventReceiver.<locals>.Sink object at 0x000001A50FDDC1C0>.Release() -> 1
DEBUG-<comtypes.client._events.CreateEventReceiver.<locals>.Sink object at 0x000001A50FDDC1C0>.AddRef() -> 2
DEBUG-unimplemented method _ISpeechVoiceEvents_Viseme called
DEBUG-<comtypes.client._events.CreateEventReceiver.<locals>.Sink object at 0x000001A50FDDC1C0>.Release() -> 1
DEBUG-<comtypes.client._events.CreateEventReceiver.<locals>.Sink object at 0x000001A50FDDC1C0>.AddRef() -> 2
DEBUG-unimplemented method _ISpeechVoiceEvents_Word called
DEBUG-<comtypes.client._events.CreateEventReceiver.<locals>.Sink object at 0x000001A50FDDC1C0>.Release() -> 1
DEBUG-<comtypes.client._events.CreateEventReceiver.<locals>.Sink object at 0x000001A50FDDC1C0>.AddRef() -> 2
DEBUG-unimplemented method _ISpeechVoiceEvents_Phoneme called
DEBUG-<comtypes.client._events.CreateEventReceiver.<locals>.Sink object at 0x000001A50FDDC1C0>.Release() -> 1
DEBUG-<comtypes.client._events.CreateEventReceiver.<locals>.Sink object at 0x000001A50FDDC1C0>.AddRef() -> 2
DEBUG-unimplemented method _ISpeechVoiceEvents_Viseme called
DEBUG-<comtypes.client._events.CreateEventReceiver.<locals>.Sink object at 0x000001A50FDDC1C0>.Release() -> 1
DEBUG-<comtypes.client._events.CreateEventReceiver.<locals>.Sink object at 0x000001A50FDDC1C0>.AddRef() -> 2
DEBUG-unimplemented method _ISpeechVoiceEvents_Phoneme called
DEBUG-<comtypes.client._events.CreateEventReceiver.<locals>.Sink object at 0x000001A50FDDC1C0>.Release() -> 1
DEBUG-<comtypes.client._events.CreateEventReceiver.<locals>.Sink object at 0x000001A50FDDC1C0>.AddRef() -> 2
DEBUG-unimplemented method _ISpeechVoiceEvents_Viseme called
DEBUG-<comtypes.client._events.CreateEventReceiver.<locals>.Sink object at 0x000001A50FDDC1C0>.Release() -> 1
DEBUG-<comtypes.client._events.CreateEventReceiver.<locals>.Sink object at 0x000001A50FDDC1C0>.AddRef() -> 2
DEBUG-unimplemented method _ISpeechVoiceEvents_Phoneme called
DEBUG-<comtypes.client._events.CreateEventReceiver.<locals>.Sink object at 0x000001A50FDDC1C0>.Release() -> 1
DEBUG-<comtypes.client._events.CreateEventReceiver.<locals>.Sink object at 0x000001A50FDDC1C0>.AddRef() -> 2
DEBUG-unimplemented method _ISpeechVoiceEvents_Phoneme called
DEBUG-<comtypes.client._events.CreateEventReceiver.<locals>.Sink object at 0x000001A50FDDC1C0>.Release() -> 1
DEBUG-<comtypes.client._events.CreateEventReceiver.<locals>.Sink object at 0x000001A50FDDC1C0>.AddRef() -> 2
DEBUG-unimplemented method _ISpeechVoiceEvents_Viseme called
DEBUG-<comtypes.client._events.CreateEventReceiver.<locals>.Sink object at 0x000001A50FDDC1C0>.Release() -> 1
DEBUG-<comtypes.client._events.CreateEventReceiver.<locals>.Sink object at 0x000001A50FDDC1C0>.AddRef() -> 2
DEBUG-unimplemented method _ISpeechVoiceEvents_Phoneme called
DEBUG-<comtypes.client._events.CreateEventReceiver.<locals>.Sink object at 0x000001A50FDDC1C0>.Release() -> 1
DEBUG-<comtypes.client._events.CreateEventReceiver.<locals>.Sink object at 0x000001A50FDDC1C0>.AddRef() -> 2
DEBUG-unimplemented method _ISpeechVoiceEvents_Viseme called
DEBUG-<comtypes.client._events.CreateEventReceiver.<locals>.Sink object at 0x000001A50FDDC1C0>.Release() -> 1
DEBUG-<comtypes.client._events.CreateEventReceiver.<locals>.Sink object at 0x000001A50FDDC1C0>.AddRef() -> 2
DEBUG-unimplemented method _ISpeechVoiceEvents_Phoneme called
DEBUG-<comtypes.client._events.CreateEventReceiver.<locals>.Sink object at 0x000001A50FDDC1C0>.Release() -> 1
DEBUG-<comtypes.client._events.CreateEventReceiver.<locals>.Sink object at 0x000001A50FDDC1C0>.AddRef() -> 2
DEBUG-unimplemented method _ISpeechVoiceEvents_Viseme called
DEBUG-<comtypes.client._events.CreateEventReceiver.<locals>.Sink object at 0x000001A50FDDC1C0>.Release() -> 1
DEBUG-<comtypes.client._events.CreateEventReceiver.<locals>.Sink object at 0x000001A50FDDC1C0>.AddRef() -> 2
DEBUG-unimplemented method _ISpeechVoiceEvents_Phoneme called
DEBUG-<comtypes.client._events.CreateEventReceiver.<locals>.Sink object at 0x000001A50FDDC1C0>.Release() -> 1
DEBUG-<comtypes.client._events.CreateEventReceiver.<locals>.Sink object at 0x000001A50FDDC1C0>.AddRef() -> 2
DEBUG-unimplemented method _ISpeechVoiceEvents_Viseme called
DEBUG-<comtypes.client._events.CreateEventReceiver.<locals>.Sink object at 0x000001A50FDDC1C0>.Release() -> 1
DEBUG-<comtypes.client._events.CreateEventReceiver.<locals>.Sink object at 0x000001A50FDDC1C0>.AddRef() -> 2
DEBUG-unimplemented method _ISpeechVoiceEvents_Phoneme called
DEBUG-<comtypes.client._events.CreateEventReceiver.<locals>.Sink object at 0x000001A50FDDC1C0>.Release() -> 1
DEBUG-<comtypes.client._events.CreateEventReceiver.<locals>.Sink object at 0x000001A50FDDC1C0>.AddRef() -> 2
DEBUG-unimplemented method _ISpeechVoiceEvents_Viseme called
DEBUG-<comtypes.client._events.CreateEventReceiver.<locals>.Sink object at 0x000001A50FDDC1C0>.Release() -> 1
DEBUG-<comtypes.client._events.CreateEventReceiver.<locals>.Sink object at 0x000001A50FDDC1C0>.AddRef() -> 2
DEBUG-unimplemented method _ISpeechVoiceEvents_Phoneme called
DEBUG-<comtypes.client._events.CreateEventReceiver.<locals>.Sink object at 0x000001A50FDDC1C0>.Release() -> 1
DEBUG-<comtypes.client._events.CreateEventReceiver.<locals>.Sink object at 0x000001A50FDDC1C0>.AddRef() -> 2
DEBUG-unimplemented method _ISpeechVoiceEvents_Phoneme called
DEBUG-<comtypes.client._events.CreateEventReceiver.<locals>.Sink object at 0x000001A50FDDC1C0>.Release() -> 1
DEBUG-<comtypes.client._events.CreateEventReceiver.<locals>.Sink object at 0x000001A50FDDC1C0>.AddRef() -> 2
DEBUG-unimplemented method _ISpeechVoiceEvents_Viseme called
DEBUG-<comtypes.client._events.CreateEventReceiver.<locals>.Sink object at 0x000001A50FDDC1C0>.Release() -> 1
DEBUG-<comtypes.client._events.CreateEventReceiver.<locals>.Sink object at 0x000001A50FDDC1C0>.AddRef() -> 2
DEBUG-unimplemented method _ISpeechVoiceEvents_Word called
DEBUG-<comtypes.client._events.CreateEventReceiver.<locals>.Sink object at 0x000001A50FDDC1C0>.Release() -> 1
DEBUG-<comtypes.client._events.CreateEventReceiver.<locals>.Sink object at 0x000001A50FDDC1C0>.AddRef() -> 2
DEBUG-unimplemented method _ISpeechVoiceEvents_Phoneme called
DEBUG-<comtypes.client._events.CreateEventReceiver.<locals>.Sink object at 0x000001A50FDDC1C0>.Release() -> 1
DEBUG-<comtypes.client._events.CreateEventReceiver.<locals>.Sink object at 0x000001A50FDDC1C0>.AddRef() -> 2
DEBUG-unimplemented method _ISpeechVoiceEvents_Viseme called
DEBUG-<comtypes.client._events.CreateEventReceiver.<locals>.Sink object at 0x000001A50FDDC1C0>.Release() -> 1
DEBUG-<comtypes.client._events.CreateEventReceiver.<locals>.Sink object at 0x000001A50FDDC1C0>.AddRef() -> 2
DEBUG-unimplemented method _ISpeechVoiceEvents_Phoneme called
DEBUG-<comtypes.client._events.CreateEventReceiver.<locals>.Sink object at 0x000001A50FDDC1C0>.Release() -> 1
DEBUG-<comtypes.client._events.CreateEventReceiver.<locals>.Sink object at 0x000001A50FDDC1C0>.AddRef() -> 2
DEBUG-unimplemented method _ISpeechVoiceEvents_Viseme called
DEBUG-<comtypes.client._events.CreateEventReceiver.<locals>.Sink object at 0x000001A50FDDC1C0>.Release() -> 1
DEBUG-<comtypes.client._events.CreateEventReceiver.<locals>.Sink object at 0x000001A50FDDC1C0>.AddRef() -> 2
DEBUG-unimplemented method _ISpeechVoiceEvents_Phoneme called
DEBUG-<comtypes.client._events.CreateEventReceiver.<locals>.Sink object at 0x000001A50FDDC1C0>.Release() -> 1
DEBUG-<comtypes.client._events.CreateEventReceiver.<locals>.Sink object at 0x000001A50FDDC1C0>.AddRef() -> 2
DEBUG-unimplemented method _ISpeechVoiceEvents_Word called
DEBUG-<comtypes.client._events.CreateEventReceiver.<locals>.Sink object at 0x000001A50FDDC1C0>.Release() -> 1
DEBUG-<comtypes.client._events.CreateEventReceiver.<locals>.Sink object at 0x000001A50FDDC1C0>.AddRef() -> 2
DEBUG-unimplemented method _ISpeechVoiceEvents_Phoneme called
DEBUG-<comtypes.client._events.CreateEventReceiver.<locals>.Sink object at 0x000001A50FDDC1C0>.Release() -> 1
DEBUG-<comtypes.client._events.CreateEventReceiver.<locals>.Sink object at 0x000001A50FDDC1C0>.AddRef() -> 2
DEBUG-unimplemented method _ISpeechVoiceEvents_Viseme called
DEBUG-<comtypes.client._events.CreateEventReceiver.<locals>.Sink object at 0x000001A50FDDC1C0>.Release() -> 1
DEBUG-<comtypes.client._events.CreateEventReceiver.<locals>.Sink object at 0x000001A50FDDC1C0>.AddRef() -> 2
DEBUG-unimplemented method _ISpeechVoiceEvents_Phoneme called
DEBUG-<comtypes.client._events.CreateEventReceiver.<locals>.Sink object at 0x000001A50FDDC1C0>.Release() -> 1
DEBUG-<comtypes.client._events.CreateEventReceiver.<locals>.Sink object at 0x000001A50FDDC1C0>.AddRef() -> 2
DEBUG-unimplemented method _ISpeechVoiceEvents_Viseme called
DEBUG-<comtypes.client._events.CreateEventReceiver.<locals>.Sink object at 0x000001A50FDDC1C0>.Release() -> 1
DEBUG-<comtypes.client._events.CreateEventReceiver.<locals>.Sink object at 0x000001A50FDDC1C0>.AddRef() -> 2
DEBUG-unimplemented method _ISpeechVoiceEvents_Phoneme called
DEBUG-<comtypes.client._events.CreateEventReceiver.<locals>.Sink object at 0x000001A50FDDC1C0>.Release() -> 1
DEBUG-<comtypes.client._events.CreateEventReceiver.<locals>.Sink object at 0x000001A50FDDC1C0>.AddRef() -> 2
DEBUG-unimplemented method _ISpeechVoiceEvents_Viseme called
DEBUG-<comtypes.client._events.CreateEventReceiver.<locals>.Sink object at 0x000001A50FDDC1C0>.Release() -> 1
DEBUG-<comtypes.client._events.CreateEventReceiver.<locals>.Sink object at 0x000001A50FDDC1C0>.AddRef() -> 2
DEBUG-unimplemented method _ISpeechVoiceEvents_Phoneme called
DEBUG-<comtypes.client._events.CreateEventReceiver.<locals>.Sink object at 0x000001A50FDDC1C0>.Release() -> 1
DEBUG-<comtypes.client._events.CreateEventReceiver.<locals>.Sink object at 0x000001A50FDDC1C0>.AddRef() -> 2
DEBUG-unimplemented method _ISpeechVoiceEvents_Viseme called
DEBUG-<comtypes.client._events.CreateEventReceiver.<locals>.Sink object at 0x000001A50FDDC1C0>.Release() -> 1
DEBUG-<comtypes.client._events.CreateEventReceiver.<locals>.Sink object at 0x000001A50FDDC1C0>.AddRef() -> 2
DEBUG-<comtypes.client._events.CreateEventReceiver.<locals>.Sink object at 0x000001A50FDDC1C0>.Release() -> 1
