INFO-Logger: Record log in C:\Users\Richard\.kivy\logs\kivy_22-11-29_30.txt
INFO-deps: Successfully imported "kivy_deps.angle" 0.3.3
INFO-deps: Successfully imported "kivy_deps.glew" 0.3.1
INFO-deps: Successfully imported "kivy_deps.sdl2" 0.4.5
INFO-Kivy: v2.1.0
INFO-Kivy: Installed at "C:\Users\Richard\AppData\Local\Programs\Python\Python310\lib\site-packages\kivy\__init__.py"
INFO-Python: v3.10.4 (tags/v3.10.4:9d38120, Mar 23 2022, 23:13:41) [MSC v.1929 64 bit (AMD64)]
INFO-Python: Interpreter at "C:\Users\Richard\AppData\Local\Programs\Python\Python310\python.exe"
INFO-Logger: Purge log fired. Processing...
INFO-Logger: Purge finished!
INFO-Factory: 189 symbols loaded
INFO-Image: Providers: img_tex, img_dds, img_sdl2, img_pil (img_ffpyplayer ignored)
INFO-Text: Provider: sdl2
INFO-Window: Provider: sdl2
INFO-GL: Using the "OpenGL" graphics system
INFO-GL: GLEW initialization succeeded
INFO-GL: Backend used <glew>
INFO-GL: OpenGL version <b'4.5.0 - Build 25.20.100.6446'>
INFO-GL: OpenGL vendor <b'Intel'>
INFO-GL: OpenGL renderer <b'Intel(R) HD Graphics 630'>
INFO-GL: OpenGL parsed version: 4, 5
INFO-GL: Shading version <b'4.50 - Build 25.20.100.6446'>
INFO-GL: Texture max size <16384>
INFO-GL: Texture max units <32>
INFO-Window: auto add sdl2 input provider
INFO-Window: virtual keyboard not allowed, single mode, not docked
INFO-Camera: Provider: opencv(['camera_picamera', 'camera_gi'] ignored)
INFO-GL: NPOT texture support is available
INFO-Base: Start application main loop
INFO-GL: BGRA texture support is available
DEBUG-Importing BlpImagePlugin
DEBUG-Importing BmpImagePlugin
DEBUG-Importing BufrStubImagePlugin
DEBUG-Importing CurImagePlugin
DEBUG-Importing DcxImagePlugin
DEBUG-Importing DdsImagePlugin
DEBUG-Importing EpsImagePlugin
DEBUG-Importing FitsImagePlugin
DEBUG-Importing FitsStubImagePlugin
DEBUG-Importing FliImagePlugin
DEBUG-Importing FpxImagePlugin
DEBUG-Image: failed to import FpxImagePlugin: No module named 'olefile'
DEBUG-Importing FtexImagePlugin
DEBUG-Importing GbrImagePlugin
DEBUG-Importing GifImagePlugin
DEBUG-Importing GribStubImagePlugin
DEBUG-Importing Hdf5StubImagePlugin
DEBUG-Importing IcnsImagePlugin
DEBUG-Importing IcoImagePlugin
DEBUG-Importing ImImagePlugin
DEBUG-Importing ImtImagePlugin
DEBUG-Importing IptcImagePlugin
DEBUG-Importing JpegImagePlugin
DEBUG-Importing Jpeg2KImagePlugin
DEBUG-Importing McIdasImagePlugin
DEBUG-Importing MicImagePlugin
DEBUG-Image: failed to import MicImagePlugin: No module named 'olefile'
DEBUG-Importing MpegImagePlugin
DEBUG-Importing MpoImagePlugin
DEBUG-Importing MspImagePlugin
DEBUG-Importing PalmImagePlugin
DEBUG-Importing PcdImagePlugin
DEBUG-Importing PcxImagePlugin
DEBUG-Importing PdfImagePlugin
DEBUG-Importing PixarImagePlugin
DEBUG-Importing PngImagePlugin
DEBUG-Importing PpmImagePlugin
DEBUG-Importing PsdImagePlugin
DEBUG-Importing SgiImagePlugin
DEBUG-Importing SpiderImagePlugin
DEBUG-Importing SunImagePlugin
DEBUG-Importing TgaImagePlugin
DEBUG-Importing TiffImagePlugin
DEBUG-Importing WebPImagePlugin
DEBUG-Importing WmfImagePlugin
DEBUG-Importing XbmImagePlugin
DEBUG-Importing XpmImagePlugin
DEBUG-Importing XVThumbImagePlugin
INFO-GL: Unpack subimage support is available
